<?xml version="1.0" encoding="UTF-8"?>
<testsuite name="com.demo.todoapplication.TodoServiceImplIntegrationTest" tests="1" skipped="0" failures="0" errors="0" timestamp="2022-05-05T11:52:10" hostname="alberto-VirtualBox" time="0.213">
  <properties/>
  <testcase name="whenValidTitle_thenTodoShouldBeFound()" classname="com.demo.todoapplication.TodoServiceImplIntegrationTest" time="0.213"/>
  <system-out><![CDATA[13:51:57.769 [Test worker] DEBUG org.springframework.test.context.BootstrapUtils - Instantiating CacheAwareContextLoaderDelegate from class [org.springframework.test.context.cache.DefaultCacheAwareContextLoaderDelegate]
13:51:57.801 [Test worker] DEBUG org.springframework.test.context.BootstrapUtils - Instantiating BootstrapContext using constructor [public org.springframework.test.context.support.DefaultBootstrapContext(java.lang.Class,org.springframework.test.context.CacheAwareContextLoaderDelegate)]
13:51:57.911 [Test worker] DEBUG org.springframework.test.context.BootstrapUtils - Instantiating TestContextBootstrapper for test class [com.demo.todoapplication.TodoServiceImplIntegrationTest] from class [org.springframework.boot.test.context.SpringBootTestContextBootstrapper]
13:51:57.948 [Test worker] INFO org.springframework.boot.test.context.SpringBootTestContextBootstrapper - Neither @ContextConfiguration nor @ContextHierarchy found for test class [com.demo.todoapplication.TodoServiceImplIntegrationTest], using SpringBootContextLoader
13:51:57.954 [Test worker] DEBUG org.springframework.test.context.support.AbstractContextLoader - Did not detect default resource location for test class [com.demo.todoapplication.TodoServiceImplIntegrationTest]: class path resource [com/demo/todoapplication/TodoServiceImplIntegrationTest-context.xml] does not exist
13:51:57.963 [Test worker] DEBUG org.springframework.test.context.support.AbstractContextLoader - Did not detect default resource location for test class [com.demo.todoapplication.TodoServiceImplIntegrationTest]: class path resource [com/demo/todoapplication/TodoServiceImplIntegrationTestContext.groovy] does not exist
13:51:57.969 [Test worker] INFO org.springframework.test.context.support.AbstractContextLoader - Could not detect default resource locations for test class [com.demo.todoapplication.TodoServiceImplIntegrationTest]: no resource found for suffixes {-context.xml, Context.groovy}.
13:51:57.973 [Test worker] INFO org.springframework.test.context.support.AnnotationConfigContextLoaderUtils - Could not detect default configuration classes for test class [com.demo.todoapplication.TodoServiceImplIntegrationTest]: TodoServiceImplIntegrationTest does not declare any static, non-private, non-final, nested classes annotated with @Configuration.
13:51:58.132 [Test worker] DEBUG org.springframework.test.context.support.ActiveProfilesUtils - Could not find an 'annotation declaring class' for annotation type [org.springframework.test.context.ActiveProfiles] and class [com.demo.todoapplication.TodoServiceImplIntegrationTest]
13:51:58.477 [Test worker] DEBUG org.springframework.context.annotation.ClassPathScanningCandidateComponentProvider - Identified candidate component class: file [/home/alberto/Progetti/capgeminiTest/todoDemo/build/classes/java/main/com/demo/todoapplication/MyTodoApplication.class]
13:51:58.480 [Test worker] INFO org.springframework.boot.test.context.SpringBootTestContextBootstrapper - Found @SpringBootConfiguration com.demo.todoapplication.MyTodoApplication for test class com.demo.todoapplication.TodoServiceImplIntegrationTest
13:51:58.804 [Test worker] DEBUG org.springframework.boot.test.context.SpringBootTestContextBootstrapper - @TestExecutionListeners is not present for class [com.demo.todoapplication.TodoServiceImplIntegrationTest]: using defaults.
13:51:58.810 [Test worker] INFO org.springframework.boot.test.context.SpringBootTestContextBootstrapper - Loaded default TestExecutionListener class names from location [META-INF/spring.factories]: [org.springframework.boot.test.autoconfigure.restdocs.RestDocsTestExecutionListener, org.springframework.boot.test.autoconfigure.web.client.MockRestServiceServerResetTestExecutionListener, org.springframework.boot.test.autoconfigure.web.servlet.MockMvcPrintOnlyOnFailureTestExecutionListener, org.springframework.boot.test.autoconfigure.web.servlet.WebDriverTestExecutionListener, org.springframework.boot.test.autoconfigure.webservices.client.MockWebServiceServerTestExecutionListener, org.springframework.boot.test.mock.mockito.MockitoTestExecutionListener, org.springframework.boot.test.mock.mockito.ResetMocksTestExecutionListener, org.springframework.test.context.web.ServletTestExecutionListener, org.springframework.test.context.support.DirtiesContextBeforeModesTestExecutionListener, org.springframework.test.context.event.ApplicationEventsTestExecutionListener, org.springframework.test.context.support.DependencyInjectionTestExecutionListener, org.springframework.test.context.support.DirtiesContextTestExecutionListener, org.springframework.test.context.transaction.TransactionalTestExecutionListener, org.springframework.test.context.jdbc.SqlScriptsTestExecutionListener, org.springframework.test.context.event.EventPublishingTestExecutionListener]
13:51:58.848 [Test worker] INFO org.springframework.boot.test.context.SpringBootTestContextBootstrapper - Using TestExecutionListeners: [org.springframework.test.context.web.ServletTestExecutionListener@7ead0dce, org.springframework.test.context.support.DirtiesContextBeforeModesTestExecutionListener@39547dcb, org.springframework.test.context.event.ApplicationEventsTestExecutionListener@577f7a5e, org.springframework.boot.test.mock.mockito.MockitoTestExecutionListener@5efe05b0, org.springframework.boot.test.autoconfigure.SpringBootDependencyInjectionTestExecutionListener@48abb0dc, org.springframework.test.context.support.DirtiesContextTestExecutionListener@528b3627, org.springframework.test.context.transaction.TransactionalTestExecutionListener@7e8a1ba2, org.springframework.test.context.jdbc.SqlScriptsTestExecutionListener@50f75246, org.springframework.test.context.event.EventPublishingTestExecutionListener@454f25d4, org.springframework.boot.test.autoconfigure.restdocs.RestDocsTestExecutionListener@4e7e0954, org.springframework.boot.test.autoconfigure.web.client.MockRestServiceServerResetTestExecutionListener@60874c32, org.springframework.boot.test.autoconfigure.web.servlet.MockMvcPrintOnlyOnFailureTestExecutionListener@a084706, org.springframework.boot.test.autoconfigure.web.servlet.WebDriverTestExecutionListener@36d5b216, org.springframework.boot.test.autoconfigure.webservices.client.MockWebServiceServerTestExecutionListener@8df2931, org.springframework.boot.test.mock.mockito.ResetMocksTestExecutionListener@526312c4]
13:51:58.863 [Test worker] DEBUG org.springframework.test.context.support.AbstractDirtiesContextTestExecutionListener - Before test class: context [DefaultTestContext@3c67e154 testClass = TodoServiceImplIntegrationTest, testInstance = [null], testMethod = [null], testException = [null], mergedContextConfiguration = [WebMergedContextConfiguration@7e462adf testClass = TodoServiceImplIntegrationTest, locations = '{}', classes = '{class com.demo.todoapplication.MyTodoApplication}', contextInitializerClasses = '[]', activeProfiles = '{}', propertySourceLocations = '{}', propertySourceProperties = '{org.springframework.boot.test.context.SpringBootTestContextBootstrapper=true}', contextCustomizers = set[org.springframework.boot.test.autoconfigure.actuate.metrics.MetricsExportContextCustomizerFactory$DisableMetricExportContextCustomizer@3dec6dd5, org.springframework.boot.test.autoconfigure.properties.PropertyMappingContextCustomizer@0, org.springframework.boot.test.autoconfigure.web.servlet.WebDriverContextCustomizerFactory$Customizer@13c22e40, org.springframework.boot.test.context.filter.ExcludeFilterContextCustomizer@3ca77e70, org.springframework.boot.test.json.DuplicateJsonObjectContextCustomizerFactory$DuplicateJsonObjectContextCustomizer@cd2ab40, org.springframework.boot.test.mock.mockito.MockitoContextCustomizer@5027352d, org.springframework.boot.test.web.client.TestRestTemplateContextCustomizer@ecbead2, org.springframework.boot.test.context.SpringBootTestArgs@1, org.springframework.boot.test.context.SpringBootTestWebEnvironment@402e09fd], resourceBasePath = 'src/main/webapp', contextLoader = 'org.springframework.boot.test.context.SpringBootContextLoader', parent = [null]], attributes = map['org.springframework.test.context.web.ServletTestExecutionListener.activateListener' -> true]], class annotated with @DirtiesContext [false] with mode [null].

  .   ____          _            __ _ _
 /\\ / ___'_ __ _ _(_)_ __  __ _ \ \ \ \
( ( )\___ | '_ | '_| | '_ \/ _` | \ \ \ \
 \\/  ___)| |_)| | | | | || (_| |  ) ) ) )
  '  |____| .__|_| |_|_| |_\__, | / / / /
 =========|_|==============|___/=/_/_/_/
 :: Spring Boot ::                (v2.6.3)

2022-05-05 13:51:59.849  INFO 42753 --- [    Test worker] c.d.t.TodoServiceImplIntegrationTest     : Starting TodoServiceImplIntegrationTest using Java 16.0.2 on alberto-VirtualBox with PID 42753 (started by alberto in /home/alberto/Progetti/capgeminiTest/todoDemo)
2022-05-05 13:51:59.854  INFO 42753 --- [    Test worker] c.d.t.TodoServiceImplIntegrationTest     : No active profile set, falling back to default profiles: default
2022-05-05 13:52:01.812  INFO 42753 --- [    Test worker] .s.d.r.c.RepositoryConfigurationDelegate : Bootstrapping Spring Data JPA repositories in DEFAULT mode.
2022-05-05 13:52:01.987  INFO 42753 --- [    Test worker] .s.d.r.c.RepositoryConfigurationDelegate : Finished Spring Data repository scanning in 105 ms. Found 1 JPA repository interfaces.
2022-05-05 13:52:04.749  INFO 42753 --- [    Test worker] com.zaxxer.hikari.HikariDataSource       : HikariPool-1 - Starting...
2022-05-05 13:52:05.224  INFO 42753 --- [    Test worker] com.zaxxer.hikari.HikariDataSource       : HikariPool-1 - Start completed.
2022-05-05 13:52:05.570  INFO 42753 --- [    Test worker] o.hibernate.jpa.internal.util.LogHelper  : HHH000204: Processing PersistenceUnitInfo [name: default]
2022-05-05 13:52:05.683  INFO 42753 --- [    Test worker] org.hibernate.Version                    : HHH000412: Hibernate ORM core version 5.6.4.Final
2022-05-05 13:52:05.794  INFO 42753 --- [    Test worker] o.hibernate.annotations.common.Version   : HCANN000001: Hibernate Commons Annotations {5.1.2.Final}
2022-05-05 13:52:06.063  INFO 42753 --- [    Test worker] org.hibernate.dialect.Dialect            : HHH000400: Using dialect: org.hibernate.dialect.H2Dialect
2022-05-05 13:52:07.021  INFO 42753 --- [    Test worker] o.h.e.t.j.p.i.JtaPlatformInitiator       : HHH000490: Using JtaPlatform implementation: [org.hibernate.engine.transaction.jta.platform.internal.NoJtaPlatform]
2022-05-05 13:52:07.040  INFO 42753 --- [    Test worker] j.LocalContainerEntityManagerFactoryBean : Initialized JPA EntityManagerFactory for persistence unit 'default'
2022-05-05 13:52:07.753  WARN 42753 --- [    Test worker] JpaBaseConfiguration$JpaWebConfiguration : spring.jpa.open-in-view is enabled by default. Therefore, database queries may be performed during view rendering. Explicitly configure spring.jpa.open-in-view to disable this warning
2022-05-05 13:52:09.015  INFO 42753 --- [    Test worker] o.s.b.a.h2.H2ConsoleAutoConfiguration    : H2 console available at '/h2-console'. Database available at 'jdbc:h2:mem:testdb'
2022-05-05 13:52:09.934  INFO 42753 --- [    Test worker] c.d.t.TodoServiceImplIntegrationTest     : Started TodoServiceImplIntegrationTest in 10.949 seconds (JVM running for 14.994)
]]></system-out>
  <system-err><![CDATA[]]></system-err>
</testsuite>
